2023-11-03T06:16:30+00:00 CRITICAL Uncaught Error: Call to a member function is_empty() on null in C:\xampp\htdocs\Deally_Cropt\wp-content\plugins\th-all-in-one-woo-cart\inc\taiowc-markup.php:44
Stack trace:
#0 C:\xampp\htdocs\Deally_Cropt\wp-content\plugins\th-all-in-one-woo-cart\inc\taiowc-cart.php(19): Taiowc_Markup->taiowc_cart_show()
#1 C:\xampp\htdocs\Deally_Cropt\wp-content\plugins\th-all-in-one-woo-cart\inc\taiowc.php(215): include('C:\\xampp\\htdocs...')
#2 C:\xampp\htdocs\Deally_Cropt\wp-content\plugins\th-all-in-one-woo-cart\inc\taiowc.php(203): Taiowc->getCart(Array)
#3 C:\xampp\htdocs\Deally_Cropt\wp-includes\shortcodes.php(433): Taiowc->addBody(Array, '', 'taiowc')
#4 [internal function]: do_shortcode_tag(Array)
#5 C:\xampp\htdocs\Deally_Cropt\wp-includes\shortcodes.php(273): preg_replace_callback('/\\[(\\[?)(taiowc...', 'do_shortcode_ta...', '[taiowc layout=...')
#6 C:\xampp\htdocs\Deally_Cropt\wp-content\plugins\th-all-in-one-woo-cart\inc\taiowc.php(254): do_shortcode('[taiowc layout=...')
#7 C:\xampp\htdocs\Deally_Cropt\wp-includes\class-wp-hook.php(310): Taiowc->addcartBody('')
#8 C:\xampp\htdocs\Deally_Cropt\wp-includes\class-wp-hook.php(334): WP_Hook->apply_filters(NULL, Array)
#9 C:\xampp\htdocs\Deally_Cropt\wp-includes\plugin.php(517): WP_Hook->do_action(Array)
#10 C:\xampp\htdocs\Deally_Cropt\wp-includes\general-template.php(3069): do_action('wp_footer')
#11 C:\xampp\htdocs\Deally_Cropt\wp-includes\rest-api\endpoints\class-wp-rest-widget-types-controller.php(654): wp_footer()
#12 C:\xampp\htdocs\Deally_Cropt\wp-includes\rest-api\endpoints\class-wp-rest-widget-types-controller.php(602): WP_REST_Widget_Types_Controller->render_legacy_widget_preview_iframe('text', Array)
#13 C:\xampp\htdocs\Deally_Cropt\wp-includes\rest-api\class-wp-rest-server.php(1194): WP_REST_Widget_Types_Controller->render(Object(WP_REST_Request))
#14 C:\xampp\htdocs\Deally_Cropt\wp-includes\rest-api\class-wp-rest-server.php(1041): WP_REST_Server->respond_to_request(Object(WP_REST_Request), '/wp/v2/widget-t...', Array, NULL)
#15 C:\xampp\htdocs\Deally_Cropt\wp-includes\rest-api\class-wp-rest-server.php(431): WP_REST_Server->dispatch(Object(WP_REST_Request))
#16 C:\xampp\htdocs\Deally_Cropt\wp-includes\rest-api.php(418): WP_REST_Server->serve_request('/wp/v2/widget-t...')
#17 C:\xampp\htdocs\Deally_Cropt\wp-includes\class-wp-hook.php(310): rest_api_loaded(Object(WP))
#18 C:\xampp\htdocs\Deally_Cropt\wp-includes\class-wp-hook.php(334): WP_Hook->apply_filters(NULL, Array)
#19 C:\xampp\htdocs\Deally_Cropt\wp-includes\plugin.php(565): WP_Hook->do_action(Array)
#20 C:\xampp\htdocs\Deally_Cropt\wp-includes\class-wp.php(398): do_action_ref_array('parse_request', Array)
#21 C:\xampp\htdocs\Deally_Cropt\wp-includes\class-wp.php(779): WP->parse_request('')
#22 C:\xampp\htdocs\Deally_Cropt\wp-includes\functions.php(1335): WP->main('')
#23 C:\xampp\htdocs\Deally_Cropt\wp-blog-header.php(16): wp()
#24 C:\xampp\htdocs\Deally_Cropt\index.php(17): require('C:\\xampp\\htdocs...')
#25 {main}
  thrown in C:\xampp\htdocs\Deally_Cropt\wp-content\plugins\th-all-in-one-woo-cart\inc\taiowc-markup.php on line 44

2023-11-03T06:17:46+00:00 CRITICAL Uncaught Error: Call to a member function is_empty() on null in C:\xampp\htdocs\Deally_Cropt\wp-content\plugins\th-all-in-one-woo-cart\inc\taiowc-markup.php:44
Stack trace:
#0 C:\xampp\htdocs\Deally_Cropt\wp-content\plugins\th-all-in-one-woo-cart\inc\taiowc-cart.php(19): Taiowc_Markup->taiowc_cart_show()
#1 C:\xampp\htdocs\Deally_Cropt\wp-content\plugins\th-all-in-one-woo-cart\inc\taiowc.php(215): include('C:\\xampp\\htdocs...')
#2 C:\xampp\htdocs\Deally_Cropt\wp-content\plugins\th-all-in-one-woo-cart\inc\taiowc.php(203): Taiowc->getCart(Array)
#3 C:\xampp\htdocs\Deally_Cropt\wp-includes\shortcodes.php(433): Taiowc->addBody(Array, '', 'taiowc')
#4 [internal function]: do_shortcode_tag(Array)
#5 C:\xampp\htdocs\Deally_Cropt\wp-includes\shortcodes.php(273): preg_replace_callback('/\\[(\\[?)(taiowc...', 'do_shortcode_ta...', '[taiowc layout=...')
#6 C:\xampp\htdocs\Deally_Cropt\wp-content\plugins\th-all-in-one-woo-cart\inc\taiowc.php(254): do_shortcode('[taiowc layout=...')
#7 C:\xampp\htdocs\Deally_Cropt\wp-includes\class-wp-hook.php(310): Taiowc->addcartBody('')
#8 C:\xampp\htdocs\Deally_Cropt\wp-includes\class-wp-hook.php(334): WP_Hook->apply_filters(NULL, Array)
#9 C:\xampp\htdocs\Deally_Cropt\wp-includes\plugin.php(517): WP_Hook->do_action(Array)
#10 C:\xampp\htdocs\Deally_Cropt\wp-includes\general-template.php(3069): do_action('wp_footer')
#11 C:\xampp\htdocs\Deally_Cropt\wp-includes\rest-api\endpoints\class-wp-rest-widget-types-controller.php(654): wp_footer()
#12 C:\xampp\htdocs\Deally_Cropt\wp-includes\rest-api\endpoints\class-wp-rest-widget-types-controller.php(602): WP_REST_Widget_Types_Controller->render_legacy_widget_preview_iframe('text', Array)
#13 C:\xampp\htdocs\Deally_Cropt\wp-includes\rest-api\class-wp-rest-server.php(1194): WP_REST_Widget_Types_Controller->render(Object(WP_REST_Request))
#14 C:\xampp\htdocs\Deally_Cropt\wp-includes\rest-api\class-wp-rest-server.php(1041): WP_REST_Server->respond_to_request(Object(WP_REST_Request), '/wp/v2/widget-t...', Array, NULL)
#15 C:\xampp\htdocs\Deally_Cropt\wp-includes\rest-api\class-wp-rest-server.php(431): WP_REST_Server->dispatch(Object(WP_REST_Request))
#16 C:\xampp\htdocs\Deally_Cropt\wp-includes\rest-api.php(418): WP_REST_Server->serve_request('/wp/v2/widget-t...')
#17 C:\xampp\htdocs\Deally_Cropt\wp-includes\class-wp-hook.php(310): rest_api_loaded(Object(WP))
#18 C:\xampp\htdocs\Deally_Cropt\wp-includes\class-wp-hook.php(334): WP_Hook->apply_filters(NULL, Array)
#19 C:\xampp\htdocs\Deally_Cropt\wp-includes\plugin.php(565): WP_Hook->do_action(Array)
#20 C:\xampp\htdocs\Deally_Cropt\wp-includes\class-wp.php(398): do_action_ref_array('parse_request', Array)
#21 C:\xampp\htdocs\Deally_Cropt\wp-includes\class-wp.php(779): WP->parse_request('')
#22 C:\xampp\htdocs\Deally_Cropt\wp-includes\functions.php(1335): WP->main('')
#23 C:\xampp\htdocs\Deally_Cropt\wp-blog-header.php(16): wp()
#24 C:\xampp\htdocs\Deally_Cropt\index.php(17): require('C:\\xampp\\htdocs...')
#25 {main}
  thrown in C:\xampp\htdocs\Deally_Cropt\wp-content\plugins\th-all-in-one-woo-cart\inc\taiowc-markup.php on line 44

2023-11-03T06:18:39+00:00 CRITICAL Uncaught Error: Call to a member function is_empty() on null in C:\xampp\htdocs\Deally_Cropt\wp-content\plugins\th-all-in-one-woo-cart\inc\taiowc-markup.php:44
Stack trace:
#0 C:\xampp\htdocs\Deally_Cropt\wp-content\plugins\th-all-in-one-woo-cart\inc\taiowc-cart.php(19): Taiowc_Markup->taiowc_cart_show()
#1 C:\xampp\htdocs\Deally_Cropt\wp-content\plugins\th-all-in-one-woo-cart\inc\taiowc.php(215): include('C:\\xampp\\htdocs...')
#2 C:\xampp\htdocs\Deally_Cropt\wp-content\plugins\th-all-in-one-woo-cart\inc\taiowc.php(203): Taiowc->getCart(Array)
#3 C:\xampp\htdocs\Deally_Cropt\wp-includes\shortcodes.php(433): Taiowc->addBody(Array, '', 'taiowc')
#4 [internal function]: do_shortcode_tag(Array)
#5 C:\xampp\htdocs\Deally_Cropt\wp-includes\shortcodes.php(273): preg_replace_callback('/\\[(\\[?)(taiowc...', 'do_shortcode_ta...', '[taiowc layout=...')
#6 C:\xampp\htdocs\Deally_Cropt\wp-content\plugins\th-all-in-one-woo-cart\inc\taiowc.php(254): do_shortcode('[taiowc layout=...')
#7 C:\xampp\htdocs\Deally_Cropt\wp-includes\class-wp-hook.php(310): Taiowc->addcartBody('')
#8 C:\xampp\htdocs\Deally_Cropt\wp-includes\class-wp-hook.php(334): WP_Hook->apply_filters(NULL, Array)
#9 C:\xampp\htdocs\Deally_Cropt\wp-includes\plugin.php(517): WP_Hook->do_action(Array)
#10 C:\xampp\htdocs\Deally_Cropt\wp-includes\general-template.php(3069): do_action('wp_footer')
#11 C:\xampp\htdocs\Deally_Cropt\wp-includes\rest-api\endpoints\class-wp-rest-widget-types-controller.php(654): wp_footer()
#12 C:\xampp\htdocs\Deally_Cropt\wp-includes\rest-api\endpoints\class-wp-rest-widget-types-controller.php(602): WP_REST_Widget_Types_Controller->render_legacy_widget_preview_iframe('text', Array)
#13 C:\xampp\htdocs\Deally_Cropt\wp-includes\rest-api\class-wp-rest-server.php(1194): WP_REST_Widget_Types_Controller->render(Object(WP_REST_Request))
#14 C:\xampp\htdocs\Deally_Cropt\wp-includes\rest-api\class-wp-rest-server.php(1041): WP_REST_Server->respond_to_request(Object(WP_REST_Request), '/wp/v2/widget-t...', Array, NULL)
#15 C:\xampp\htdocs\Deally_Cropt\wp-includes\rest-api\class-wp-rest-server.php(431): WP_REST_Server->dispatch(Object(WP_REST_Request))
#16 C:\xampp\htdocs\Deally_Cropt\wp-includes\rest-api.php(418): WP_REST_Server->serve_request('/wp/v2/widget-t...')
#17 C:\xampp\htdocs\Deally_Cropt\wp-includes\class-wp-hook.php(310): rest_api_loaded(Object(WP))
#18 C:\xampp\htdocs\Deally_Cropt\wp-includes\class-wp-hook.php(334): WP_Hook->apply_filters(NULL, Array)
#19 C:\xampp\htdocs\Deally_Cropt\wp-includes\plugin.php(565): WP_Hook->do_action(Array)
#20 C:\xampp\htdocs\Deally_Cropt\wp-includes\class-wp.php(398): do_action_ref_array('parse_request', Array)
#21 C:\xampp\htdocs\Deally_Cropt\wp-includes\class-wp.php(779): WP->parse_request('')
#22 C:\xampp\htdocs\Deally_Cropt\wp-includes\functions.php(1335): WP->main('')
#23 C:\xampp\htdocs\Deally_Cropt\wp-blog-header.php(16): wp()
#24 C:\xampp\htdocs\Deally_Cropt\index.php(17): require('C:\\xampp\\htdocs...')
#25 {main}
  thrown in C:\xampp\htdocs\Deally_Cropt\wp-content\plugins\th-all-in-one-woo-cart\inc\taiowc-markup.php on line 44

2023-11-03T06:20:47+00:00 CRITICAL Uncaught Error: Call to a member function is_empty() on null in C:\xampp\htdocs\Deally_Cropt\wp-content\plugins\th-all-in-one-woo-cart\inc\taiowc-markup.php:44
Stack trace:
#0 C:\xampp\htdocs\Deally_Cropt\wp-content\plugins\th-all-in-one-woo-cart\inc\taiowc-cart.php(19): Taiowc_Markup->taiowc_cart_show()
#1 C:\xampp\htdocs\Deally_Cropt\wp-content\plugins\th-all-in-one-woo-cart\inc\taiowc.php(215): include('C:\\xampp\\htdocs...')
#2 C:\xampp\htdocs\Deally_Cropt\wp-content\plugins\th-all-in-one-woo-cart\inc\taiowc.php(203): Taiowc->getCart(Array)
#3 C:\xampp\htdocs\Deally_Cropt\wp-includes\shortcodes.php(433): Taiowc->addBody(Array, '', 'taiowc')
#4 [internal function]: do_shortcode_tag(Array)
#5 C:\xampp\htdocs\Deally_Cropt\wp-includes\shortcodes.php(273): preg_replace_callback('/\\[(\\[?)(taiowc...', 'do_shortcode_ta...', '[taiowc layout=...')
#6 C:\xampp\htdocs\Deally_Cropt\wp-content\plugins\th-all-in-one-woo-cart\inc\taiowc.php(254): do_shortcode('[taiowc layout=...')
#7 C:\xampp\htdocs\Deally_Cropt\wp-includes\class-wp-hook.php(310): Taiowc->addcartBody('')
#8 C:\xampp\htdocs\Deally_Cropt\wp-includes\class-wp-hook.php(334): WP_Hook->apply_filters(NULL, Array)
#9 C:\xampp\htdocs\Deally_Cropt\wp-includes\plugin.php(517): WP_Hook->do_action(Array)
#10 C:\xampp\htdocs\Deally_Cropt\wp-includes\general-template.php(3069): do_action('wp_footer')
#11 C:\xampp\htdocs\Deally_Cropt\wp-includes\rest-api\endpoints\class-wp-rest-widget-types-controller.php(654): wp_footer()
#12 C:\xampp\htdocs\Deally_Cropt\wp-includes\rest-api\endpoints\class-wp-rest-widget-types-controller.php(602): WP_REST_Widget_Types_Controller->render_legacy_widget_preview_iframe('text', Array)
#13 C:\xampp\htdocs\Deally_Cropt\wp-includes\rest-api\class-wp-rest-server.php(1194): WP_REST_Widget_Types_Controller->render(Object(WP_REST_Request))
#14 C:\xampp\htdocs\Deally_Cropt\wp-includes\rest-api\class-wp-rest-server.php(1041): WP_REST_Server->respond_to_request(Object(WP_REST_Request), '/wp/v2/widget-t...', Array, NULL)
#15 C:\xampp\htdocs\Deally_Cropt\wp-includes\rest-api\class-wp-rest-server.php(431): WP_REST_Server->dispatch(Object(WP_REST_Request))
#16 C:\xampp\htdocs\Deally_Cropt\wp-includes\rest-api.php(418): WP_REST_Server->serve_request('/wp/v2/widget-t...')
#17 C:\xampp\htdocs\Deally_Cropt\wp-includes\class-wp-hook.php(310): rest_api_loaded(Object(WP))
#18 C:\xampp\htdocs\Deally_Cropt\wp-includes\class-wp-hook.php(334): WP_Hook->apply_filters(NULL, Array)
#19 C:\xampp\htdocs\Deally_Cropt\wp-includes\plugin.php(565): WP_Hook->do_action(Array)
#20 C:\xampp\htdocs\Deally_Cropt\wp-includes\class-wp.php(398): do_action_ref_array('parse_request', Array)
#21 C:\xampp\htdocs\Deally_Cropt\wp-includes\class-wp.php(779): WP->parse_request('')
#22 C:\xampp\htdocs\Deally_Cropt\wp-includes\functions.php(1335): WP->main('')
#23 C:\xampp\htdocs\Deally_Cropt\wp-blog-header.php(16): wp()
#24 C:\xampp\htdocs\Deally_Cropt\index.php(17): require('C:\\xampp\\htdocs...')
#25 {main}
  thrown in C:\xampp\htdocs\Deally_Cropt\wp-content\plugins\th-all-in-one-woo-cart\inc\taiowc-markup.php on line 44

2023-11-03T06:20:48+00:00 CRITICAL Uncaught Error: Call to a member function is_empty() on null in C:\xampp\htdocs\Deally_Cropt\wp-content\plugins\th-all-in-one-woo-cart\inc\taiowc-markup.php:44
Stack trace:
#0 C:\xampp\htdocs\Deally_Cropt\wp-content\plugins\th-all-in-one-woo-cart\inc\taiowc-cart.php(19): Taiowc_Markup->taiowc_cart_show()
#1 C:\xampp\htdocs\Deally_Cropt\wp-content\plugins\th-all-in-one-woo-cart\inc\taiowc.php(215): include('C:\\xampp\\htdocs...')
#2 C:\xampp\htdocs\Deally_Cropt\wp-content\plugins\th-all-in-one-woo-cart\inc\taiowc.php(203): Taiowc->getCart(Array)
#3 C:\xampp\htdocs\Deally_Cropt\wp-includes\shortcodes.php(433): Taiowc->addBody(Array, '', 'taiowc')
#4 [internal function]: do_shortcode_tag(Array)
#5 C:\xampp\htdocs\Deally_Cropt\wp-includes\shortcodes.php(273): preg_replace_callback('/\\[(\\[?)(taiowc...', 'do_shortcode_ta...', '[taiowc layout=...')
#6 C:\xampp\htdocs\Deally_Cropt\wp-content\plugins\th-all-in-one-woo-cart\inc\taiowc.php(254): do_shortcode('[taiowc layout=...')
#7 C:\xampp\htdocs\Deally_Cropt\wp-includes\class-wp-hook.php(310): Taiowc->addcartBody('')
#8 C:\xampp\htdocs\Deally_Cropt\wp-includes\class-wp-hook.php(334): WP_Hook->apply_filters(NULL, Array)
#9 C:\xampp\htdocs\Deally_Cropt\wp-includes\plugin.php(517): WP_Hook->do_action(Array)
#10 C:\xampp\htdocs\Deally_Cropt\wp-includes\general-template.php(3069): do_action('wp_footer')
#11 C:\xampp\htdocs\Deally_Cropt\wp-includes\rest-api\endpoints\class-wp-rest-widget-types-controller.php(654): wp_footer()
#12 C:\xampp\htdocs\Deally_Cropt\wp-includes\rest-api\endpoints\class-wp-rest-widget-types-controller.php(602): WP_REST_Widget_Types_Controller->render_legacy_widget_preview_iframe('text', Array)
#13 C:\xampp\htdocs\Deally_Cropt\wp-includes\rest-api\class-wp-rest-server.php(1194): WP_REST_Widget_Types_Controller->render(Object(WP_REST_Request))
#14 C:\xampp\htdocs\Deally_Cropt\wp-includes\rest-api\class-wp-rest-server.php(1041): WP_REST_Server->respond_to_request(Object(WP_REST_Request), '/wp/v2/widget-t...', Array, NULL)
#15 C:\xampp\htdocs\Deally_Cropt\wp-includes\rest-api\class-wp-rest-server.php(431): WP_REST_Server->dispatch(Object(WP_REST_Request))
#16 C:\xampp\htdocs\Deally_Cropt\wp-includes\rest-api.php(418): WP_REST_Server->serve_request('/wp/v2/widget-t...')
#17 C:\xampp\htdocs\Deally_Cropt\wp-includes\class-wp-hook.php(310): rest_api_loaded(Object(WP))
#18 C:\xampp\htdocs\Deally_Cropt\wp-includes\class-wp-hook.php(334): WP_Hook->apply_filters(NULL, Array)
#19 C:\xampp\htdocs\Deally_Cropt\wp-includes\plugin.php(565): WP_Hook->do_action(Array)
#20 C:\xampp\htdocs\Deally_Cropt\wp-includes\class-wp.php(398): do_action_ref_array('parse_request', Array)
#21 C:\xampp\htdocs\Deally_Cropt\wp-includes\class-wp.php(779): WP->parse_request('')
#22 C:\xampp\htdocs\Deally_Cropt\wp-includes\functions.php(1335): WP->main('')
#23 C:\xampp\htdocs\Deally_Cropt\wp-blog-header.php(16): wp()
#24 C:\xampp\htdocs\Deally_Cropt\index.php(17): require('C:\\xampp\\htdocs...')
#25 {main}
  thrown in C:\xampp\htdocs\Deally_Cropt\wp-content\plugins\th-all-in-one-woo-cart\inc\taiowc-markup.php on line 44

2023-11-03T06:20:48+00:00 CRITICAL Uncaught Error: Call to a member function is_empty() on null in C:\xampp\htdocs\Deally_Cropt\wp-content\plugins\th-all-in-one-woo-cart\inc\taiowc-markup.php:44
Stack trace:
#0 C:\xampp\htdocs\Deally_Cropt\wp-content\plugins\th-all-in-one-woo-cart\inc\taiowc-cart.php(19): Taiowc_Markup->taiowc_cart_show()
#1 C:\xampp\htdocs\Deally_Cropt\wp-content\plugins\th-all-in-one-woo-cart\inc\taiowc.php(215): include('C:\\xampp\\htdocs...')
#2 C:\xampp\htdocs\Deally_Cropt\wp-content\plugins\th-all-in-one-woo-cart\inc\taiowc.php(203): Taiowc->getCart(Array)
#3 C:\xampp\htdocs\Deally_Cropt\wp-includes\shortcodes.php(433): Taiowc->addBody(Array, '', 'taiowc')
#4 [internal function]: do_shortcode_tag(Array)
#5 C:\xampp\htdocs\Deally_Cropt\wp-includes\shortcodes.php(273): preg_replace_callback('/\\[(\\[?)(taiowc...', 'do_shortcode_ta...', '[taiowc layout=...')
#6 C:\xampp\htdocs\Deally_Cropt\wp-content\plugins\th-all-in-one-woo-cart\inc\taiowc.php(254): do_shortcode('[taiowc layout=...')
#7 C:\xampp\htdocs\Deally_Cropt\wp-includes\class-wp-hook.php(310): Taiowc->addcartBody('')
#8 C:\xampp\htdocs\Deally_Cropt\wp-includes\class-wp-hook.php(334): WP_Hook->apply_filters(NULL, Array)
#9 C:\xampp\htdocs\Deally_Cropt\wp-includes\plugin.php(517): WP_Hook->do_action(Array)
#10 C:\xampp\htdocs\Deally_Cropt\wp-includes\general-template.php(3069): do_action('wp_footer')
#11 C:\xampp\htdocs\Deally_Cropt\wp-includes\rest-api\endpoints\class-wp-rest-widget-types-controller.php(654): wp_footer()
#12 C:\xampp\htdocs\Deally_Cropt\wp-includes\rest-api\endpoints\class-wp-rest-widget-types-controller.php(602): WP_REST_Widget_Types_Controller->render_legacy_widget_preview_iframe('woocommerce_pro...', Array)
#13 C:\xampp\htdocs\Deally_Cropt\wp-includes\rest-api\class-wp-rest-server.php(1194): WP_REST_Widget_Types_Controller->render(Object(WP_REST_Request))
#14 C:\xampp\htdocs\Deally_Cropt\wp-includes\rest-api\class-wp-rest-server.php(1041): WP_REST_Server->respond_to_request(Object(WP_REST_Request), '/wp/v2/widget-t...', Array, NULL)
#15 C:\xampp\htdocs\Deally_Cropt\wp-includes\rest-api\class-wp-rest-server.php(431): WP_REST_Server->dispatch(Object(WP_REST_Request))
#16 C:\xampp\htdocs\Deally_Cropt\wp-includes\rest-api.php(418): WP_REST_Server->serve_request('/wp/v2/widget-t...')
#17 C:\xampp\htdocs\Deally_Cropt\wp-includes\class-wp-hook.php(310): rest_api_loaded(Object(WP))
#18 C:\xampp\htdocs\Deally_Cropt\wp-includes\class-wp-hook.php(334): WP_Hook->apply_filters(NULL, Array)
#19 C:\xampp\htdocs\Deally_Cropt\wp-includes\plugin.php(565): WP_Hook->do_action(Array)
#20 C:\xampp\htdocs\Deally_Cropt\wp-includes\class-wp.php(398): do_action_ref_array('parse_request', Array)
#21 C:\xampp\htdocs\Deally_Cropt\wp-includes\class-wp.php(779): WP->parse_request('')
#22 C:\xampp\htdocs\Deally_Cropt\wp-includes\functions.php(1335): WP->main('')
#23 C:\xampp\htdocs\Deally_Cropt\wp-blog-header.php(16): wp()
#24 C:\xampp\htdocs\Deally_Cropt\index.php(17): require('C:\\xampp\\htdocs...')
#25 {main}
  thrown in C:\xampp\htdocs\Deally_Cropt\wp-content\plugins\th-all-in-one-woo-cart\inc\taiowc-markup.php on line 44

2023-11-03T06:20:49+00:00 CRITICAL Uncaught Error: Call to a member function is_empty() on null in C:\xampp\htdocs\Deally_Cropt\wp-content\plugins\th-all-in-one-woo-cart\inc\taiowc-markup.php:44
Stack trace:
#0 C:\xampp\htdocs\Deally_Cropt\wp-content\plugins\th-all-in-one-woo-cart\inc\taiowc-cart.php(19): Taiowc_Markup->taiowc_cart_show()
#1 C:\xampp\htdocs\Deally_Cropt\wp-content\plugins\th-all-in-one-woo-cart\inc\taiowc.php(215): include('C:\\xampp\\htdocs...')
#2 C:\xampp\htdocs\Deally_Cropt\wp-content\plugins\th-all-in-one-woo-cart\inc\taiowc.php(203): Taiowc->getCart(Array)
#3 C:\xampp\htdocs\Deally_Cropt\wp-includes\shortcodes.php(433): Taiowc->addBody(Array, '', 'taiowc')
#4 [internal function]: do_shortcode_tag(Array)
#5 C:\xampp\htdocs\Deally_Cropt\wp-includes\shortcodes.php(273): preg_replace_callback('/\\[(\\[?)(taiowc...', 'do_shortcode_ta...', '[taiowc layout=...')
#6 C:\xampp\htdocs\Deally_Cropt\wp-content\plugins\th-all-in-one-woo-cart\inc\taiowc.php(254): do_shortcode('[taiowc layout=...')
#7 C:\xampp\htdocs\Deally_Cropt\wp-includes\class-wp-hook.php(310): Taiowc->addcartBody('')
#8 C:\xampp\htdocs\Deally_Cropt\wp-includes\class-wp-hook.php(334): WP_Hook->apply_filters(NULL, Array)
#9 C:\xampp\htdocs\Deally_Cropt\wp-includes\plugin.php(517): WP_Hook->do_action(Array)
#10 C:\xampp\htdocs\Deally_Cropt\wp-includes\general-template.php(3069): do_action('wp_footer')
#11 C:\xampp\htdocs\Deally_Cropt\wp-includes\rest-api\endpoints\class-wp-rest-widget-types-controller.php(654): wp_footer()
#12 C:\xampp\htdocs\Deally_Cropt\wp-includes\rest-api\endpoints\class-wp-rest-widget-types-controller.php(602): WP_REST_Widget_Types_Controller->render_legacy_widget_preview_iframe('text', Array)
#13 C:\xampp\htdocs\Deally_Cropt\wp-includes\rest-api\class-wp-rest-server.php(1194): WP_REST_Widget_Types_Controller->render(Object(WP_REST_Request))
#14 C:\xampp\htdocs\Deally_Cropt\wp-includes\rest-api\class-wp-rest-server.php(1041): WP_REST_Server->respond_to_request(Object(WP_REST_Request), '/wp/v2/widget-t...', Array, NULL)
#15 C:\xampp\htdocs\Deally_Cropt\wp-includes\rest-api\class-wp-rest-server.php(431): WP_REST_Server->dispatch(Object(WP_REST_Request))
#16 C:\xampp\htdocs\Deally_Cropt\wp-includes\rest-api.php(418): WP_REST_Server->serve_request('/wp/v2/widget-t...')
#17 C:\xampp\htdocs\Deally_Cropt\wp-includes\class-wp-hook.php(310): rest_api_loaded(Object(WP))
#18 C:\xampp\htdocs\Deally_Cropt\wp-includes\class-wp-hook.php(334): WP_Hook->apply_filters(NULL, Array)
#19 C:\xampp\htdocs\Deally_Cropt\wp-includes\plugin.php(565): WP_Hook->do_action(Array)
#20 C:\xampp\htdocs\Deally_Cropt\wp-includes\class-wp.php(398): do_action_ref_array('parse_request', Array)
#21 C:\xampp\htdocs\Deally_Cropt\wp-includes\class-wp.php(779): WP->parse_request('')
#22 C:\xampp\htdocs\Deally_Cropt\wp-includes\functions.php(1335): WP->main('')
#23 C:\xampp\htdocs\Deally_Cropt\wp-blog-header.php(16): wp()
#24 C:\xampp\htdocs\Deally_Cropt\index.php(17): require('C:\\xampp\\htdocs...')
#25 {main}
  thrown in C:\xampp\htdocs\Deally_Cropt\wp-content\plugins\th-all-in-one-woo-cart\inc\taiowc-markup.php on line 44

2023-11-03T06:20:50+00:00 CRITICAL Uncaught Error: Call to a member function is_empty() on null in C:\xampp\htdocs\Deally_Cropt\wp-content\plugins\th-all-in-one-woo-cart\inc\taiowc-markup.php:44
Stack trace:
#0 C:\xampp\htdocs\Deally_Cropt\wp-content\plugins\th-all-in-one-woo-cart\inc\taiowc-cart.php(19): Taiowc_Markup->taiowc_cart_show()
#1 C:\xampp\htdocs\Deally_Cropt\wp-content\plugins\th-all-in-one-woo-cart\inc\taiowc.php(215): include('C:\\xampp\\htdocs...')
#2 C:\xampp\htdocs\Deally_Cropt\wp-content\plugins\th-all-in-one-woo-cart\inc\taiowc.php(203): Taiowc->getCart(Array)
#3 C:\xampp\htdocs\Deally_Cropt\wp-includes\shortcodes.php(433): Taiowc->addBody(Array, '', 'taiowc')
#4 [internal function]: do_shortcode_tag(Array)
#5 C:\xampp\htdocs\Deally_Cropt\wp-includes\shortcodes.php(273): preg_replace_callback('/\\[(\\[?)(taiowc...', 'do_shortcode_ta...', '[taiowc layout=...')
#6 C:\xampp\htdocs\Deally_Cropt\wp-content\plugins\th-all-in-one-woo-cart\inc\taiowc.php(254): do_shortcode('[taiowc layout=...')
#7 C:\xampp\htdocs\Deally_Cropt\wp-includes\class-wp-hook.php(310): Taiowc->addcartBody('')
#8 C:\xampp\htdocs\Deally_Cropt\wp-includes\class-wp-hook.php(334): WP_Hook->apply_filters(NULL, Array)
#9 C:\xampp\htdocs\Deally_Cropt\wp-includes\plugin.php(517): WP_Hook->do_action(Array)
#10 C:\xampp\htdocs\Deally_Cropt\wp-includes\general-template.php(3069): do_action('wp_footer')
#11 C:\xampp\htdocs\Deally_Cropt\wp-includes\rest-api\endpoints\class-wp-rest-widget-types-controller.php(654): wp_footer()
#12 C:\xampp\htdocs\Deally_Cropt\wp-includes\rest-api\endpoints\class-wp-rest-widget-types-controller.php(602): WP_REST_Widget_Types_Controller->render_legacy_widget_preview_iframe('woocommerce_pro...', Array)
#13 C:\xampp\htdocs\Deally_Cropt\wp-includes\rest-api\class-wp-rest-server.php(1194): WP_REST_Widget_Types_Controller->render(Object(WP_REST_Request))
#14 C:\xampp\htdocs\Deally_Cropt\wp-includes\rest-api\class-wp-rest-server.php(1041): WP_REST_Server->respond_to_request(Object(WP_REST_Request), '/wp/v2/widget-t...', Array, NULL)
#15 C:\xampp\htdocs\Deally_Cropt\wp-includes\rest-api\class-wp-rest-server.php(431): WP_REST_Server->dispatch(Object(WP_REST_Request))
#16 C:\xampp\htdocs\Deally_Cropt\wp-includes\rest-api.php(418): WP_REST_Server->serve_request('/wp/v2/widget-t...')
#17 C:\xampp\htdocs\Deally_Cropt\wp-includes\class-wp-hook.php(310): rest_api_loaded(Object(WP))
#18 C:\xampp\htdocs\Deally_Cropt\wp-includes\class-wp-hook.php(334): WP_Hook->apply_filters(NULL, Array)
#19 C:\xampp\htdocs\Deally_Cropt\wp-includes\plugin.php(565): WP_Hook->do_action(Array)
#20 C:\xampp\htdocs\Deally_Cropt\wp-includes\class-wp.php(398): do_action_ref_array('parse_request', Array)
#21 C:\xampp\htdocs\Deally_Cropt\wp-includes\class-wp.php(779): WP->parse_request('')
#22 C:\xampp\htdocs\Deally_Cropt\wp-includes\functions.php(1335): WP->main('')
#23 C:\xampp\htdocs\Deally_Cropt\wp-blog-header.php(16): wp()
#24 C:\xampp\htdocs\Deally_Cropt\index.php(17): require('C:\\xampp\\htdocs...')
#25 {main}
  thrown in C:\xampp\htdocs\Deally_Cropt\wp-content\plugins\th-all-in-one-woo-cart\inc\taiowc-markup.php on line 44

2023-11-03T06:20:51+00:00 CRITICAL Uncaught Error: Call to a member function is_empty() on null in C:\xampp\htdocs\Deally_Cropt\wp-content\plugins\th-all-in-one-woo-cart\inc\taiowc-markup.php:44
Stack trace:
#0 C:\xampp\htdocs\Deally_Cropt\wp-content\plugins\th-all-in-one-woo-cart\inc\taiowc-cart.php(19): Taiowc_Markup->taiowc_cart_show()
#1 C:\xampp\htdocs\Deally_Cropt\wp-content\plugins\th-all-in-one-woo-cart\inc\taiowc.php(215): include('C:\\xampp\\htdocs...')
#2 C:\xampp\htdocs\Deally_Cropt\wp-content\plugins\th-all-in-one-woo-cart\inc\taiowc.php(203): Taiowc->getCart(Array)
#3 C:\xampp\htdocs\Deally_Cropt\wp-includes\shortcodes.php(433): Taiowc->addBody(Array, '', 'taiowc')
#4 [internal function]: do_shortcode_tag(Array)
#5 C:\xampp\htdocs\Deally_Cropt\wp-includes\shortcodes.php(273): preg_replace_callback('/\\[(\\[?)(taiowc...', 'do_shortcode_ta...', '[taiowc layout=...')
#6 C:\xampp\htdocs\Deally_Cropt\wp-content\plugins\th-all-in-one-woo-cart\inc\taiowc.php(254): do_shortcode('[taiowc layout=...')
#7 C:\xampp\htdocs\Deally_Cropt\wp-includes\class-wp-hook.php(310): Taiowc->addcartBody('')
#8 C:\xampp\htdocs\Deally_Cropt\wp-includes\class-wp-hook.php(334): WP_Hook->apply_filters(NULL, Array)
#9 C:\xampp\htdocs\Deally_Cropt\wp-includes\plugin.php(517): WP_Hook->do_action(Array)
#10 C:\xampp\htdocs\Deally_Cropt\wp-includes\general-template.php(3069): do_action('wp_footer')
#11 C:\xampp\htdocs\Deally_Cropt\wp-includes\rest-api\endpoints\class-wp-rest-widget-types-controller.php(654): wp_footer()
#12 C:\xampp\htdocs\Deally_Cropt\wp-includes\rest-api\endpoints\class-wp-rest-widget-types-controller.php(602): WP_REST_Widget_Types_Controller->render_legacy_widget_preview_iframe('woocommerce_pro...', Array)
#13 C:\xampp\htdocs\Deally_Cropt\wp-includes\rest-api\class-wp-rest-server.php(1194): WP_REST_Widget_Types_Controller->render(Object(WP_REST_Request))
#14 C:\xampp\htdocs\Deally_Cropt\wp-includes\rest-api\class-wp-rest-server.php(1041): WP_REST_Server->respond_to_request(Object(WP_REST_Request), '/wp/v2/widget-t...', Array, NULL)
#15 C:\xampp\htdocs\Deally_Cropt\wp-includes\rest-api\class-wp-rest-server.php(431): WP_REST_Server->dispatch(Object(WP_REST_Request))
#16 C:\xampp\htdocs\Deally_Cropt\wp-includes\rest-api.php(418): WP_REST_Server->serve_request('/wp/v2/widget-t...')
#17 C:\xampp\htdocs\Deally_Cropt\wp-includes\class-wp-hook.php(310): rest_api_loaded(Object(WP))
#18 C:\xampp\htdocs\Deally_Cropt\wp-includes\class-wp-hook.php(334): WP_Hook->apply_filters(NULL, Array)
#19 C:\xampp\htdocs\Deally_Cropt\wp-includes\plugin.php(565): WP_Hook->do_action(Array)
#20 C:\xampp\htdocs\Deally_Cropt\wp-includes\class-wp.php(398): do_action_ref_array('parse_request', Array)
#21 C:\xampp\htdocs\Deally_Cropt\wp-includes\class-wp.php(779): WP->parse_request('')
#22 C:\xampp\htdocs\Deally_Cropt\wp-includes\functions.php(1335): WP->main('')
#23 C:\xampp\htdocs\Deally_Cropt\wp-blog-header.php(16): wp()
#24 C:\xampp\htdocs\Deally_Cropt\index.php(17): require('C:\\xampp\\htdocs...')
#25 {main}
  thrown in C:\xampp\htdocs\Deally_Cropt\wp-content\plugins\th-all-in-one-woo-cart\inc\taiowc-markup.php on line 44

2023-11-03T06:20:51+00:00 CRITICAL Uncaught Error: Call to a member function is_empty() on null in C:\xampp\htdocs\Deally_Cropt\wp-content\plugins\th-all-in-one-woo-cart\inc\taiowc-markup.php:44
Stack trace:
#0 C:\xampp\htdocs\Deally_Cropt\wp-content\plugins\th-all-in-one-woo-cart\inc\taiowc-cart.php(19): Taiowc_Markup->taiowc_cart_show()
#1 C:\xampp\htdocs\Deally_Cropt\wp-content\plugins\th-all-in-one-woo-cart\inc\taiowc.php(215): include('C:\\xampp\\htdocs...')
#2 C:\xampp\htdocs\Deally_Cropt\wp-content\plugins\th-all-in-one-woo-cart\inc\taiowc.php(203): Taiowc->getCart(Array)
#3 C:\xampp\htdocs\Deally_Cropt\wp-includes\shortcodes.php(433): Taiowc->addBody(Array, '', 'taiowc')
#4 [internal function]: do_shortcode_tag(Array)
#5 C:\xampp\htdocs\Deally_Cropt\wp-includes\shortcodes.php(273): preg_replace_callback('/\\[(\\[?)(taiowc...', 'do_shortcode_ta...', '[taiowc layout=...')
#6 C:\xampp\htdocs\Deally_Cropt\wp-content\plugins\th-all-in-one-woo-cart\inc\taiowc.php(254): do_shortcode('[taiowc layout=...')
#7 C:\xampp\htdocs\Deally_Cropt\wp-includes\class-wp-hook.php(310): Taiowc->addcartBody('')
#8 C:\xampp\htdocs\Deally_Cropt\wp-includes\class-wp-hook.php(334): WP_Hook->apply_filters(NULL, Array)
#9 C:\xampp\htdocs\Deally_Cropt\wp-includes\plugin.php(517): WP_Hook->do_action(Array)
#10 C:\xampp\htdocs\Deally_Cropt\wp-includes\general-template.php(3069): do_action('wp_footer')
#11 C:\xampp\htdocs\Deally_Cropt\wp-includes\rest-api\endpoints\class-wp-rest-widget-types-controller.php(654): wp_footer()
#12 C:\xampp\htdocs\Deally_Cropt\wp-includes\rest-api\endpoints\class-wp-rest-widget-types-controller.php(602): WP_REST_Widget_Types_Controller->render_legacy_widget_preview_iframe('text', Array)
#13 C:\xampp\htdocs\Deally_Cropt\wp-includes\rest-api\class-wp-rest-server.php(1194): WP_REST_Widget_Types_Controller->render(Object(WP_REST_Request))
#14 C:\xampp\htdocs\Deally_Cropt\wp-includes\rest-api\class-wp-rest-server.php(1041): WP_REST_Server->respond_to_request(Object(WP_REST_Request), '/wp/v2/widget-t...', Array, NULL)
#15 C:\xampp\htdocs\Deally_Cropt\wp-includes\rest-api\class-wp-rest-server.php(431): WP_REST_Server->dispatch(Object(WP_REST_Request))
#16 C:\xampp\htdocs\Deally_Cropt\wp-includes\rest-api.php(418): WP_REST_Server->serve_request('/wp/v2/widget-t...')
#17 C:\xampp\htdocs\Deally_Cropt\wp-includes\class-wp-hook.php(310): rest_api_loaded(Object(WP))
#18 C:\xampp\htdocs\Deally_Cropt\wp-includes\class-wp-hook.php(334): WP_Hook->apply_filters(NULL, Array)
#19 C:\xampp\htdocs\Deally_Cropt\wp-includes\plugin.php(565): WP_Hook->do_action(Array)
#20 C:\xampp\htdocs\Deally_Cropt\wp-includes\class-wp.php(398): do_action_ref_array('parse_request', Array)
#21 C:\xampp\htdocs\Deally_Cropt\wp-includes\class-wp.php(779): WP->parse_request('')
#22 C:\xampp\htdocs\Deally_Cropt\wp-includes\functions.php(1335): WP->main('')
#23 C:\xampp\htdocs\Deally_Cropt\wp-blog-header.php(16): wp()
#24 C:\xampp\htdocs\Deally_Cropt\index.php(17): require('C:\\xampp\\htdocs...')
#25 {main}
  thrown in C:\xampp\htdocs\Deally_Cropt\wp-content\plugins\th-all-in-one-woo-cart\inc\taiowc-markup.php on line 44

2023-11-03T06:22:02+00:00 CRITICAL Uncaught Error: Call to a member function is_empty() on null in C:\xampp\htdocs\Deally_Cropt\wp-content\plugins\th-all-in-one-woo-cart\inc\taiowc-markup.php:44
Stack trace:
#0 C:\xampp\htdocs\Deally_Cropt\wp-content\plugins\th-all-in-one-woo-cart\inc\taiowc-cart.php(19): Taiowc_Markup->taiowc_cart_show()
#1 C:\xampp\htdocs\Deally_Cropt\wp-content\plugins\th-all-in-one-woo-cart\inc\taiowc.php(215): include('C:\\xampp\\htdocs...')
#2 C:\xampp\htdocs\Deally_Cropt\wp-content\plugins\th-all-in-one-woo-cart\inc\taiowc.php(203): Taiowc->getCart(Array)
#3 C:\xampp\htdocs\Deally_Cropt\wp-includes\shortcodes.php(433): Taiowc->addBody(Array, '', 'taiowc')
#4 [internal function]: do_shortcode_tag(Array)
#5 C:\xampp\htdocs\Deally_Cropt\wp-includes\shortcodes.php(273): preg_replace_callback('/\\[(\\[?)(taiowc...', 'do_shortcode_ta...', '[taiowc layout=...')
#6 C:\xampp\htdocs\Deally_Cropt\wp-content\plugins\th-all-in-one-woo-cart\inc\taiowc.php(254): do_shortcode('[taiowc layout=...')
#7 C:\xampp\htdocs\Deally_Cropt\wp-includes\class-wp-hook.php(310): Taiowc->addcartBody('')
#8 C:\xampp\htdocs\Deally_Cropt\wp-includes\class-wp-hook.php(334): WP_Hook->apply_filters(NULL, Array)
#9 C:\xampp\htdocs\Deally_Cropt\wp-includes\plugin.php(517): WP_Hook->do_action(Array)
#10 C:\xampp\htdocs\Deally_Cropt\wp-includes\general-template.php(3069): do_action('wp_footer')
#11 C:\xampp\htdocs\Deally_Cropt\wp-includes\rest-api\endpoints\class-wp-rest-widget-types-controller.php(654): wp_footer()
#12 C:\xampp\htdocs\Deally_Cropt\wp-includes\rest-api\endpoints\class-wp-rest-widget-types-controller.php(602): WP_REST_Widget_Types_Controller->render_legacy_widget_preview_iframe('text', Array)
#13 C:\xampp\htdocs\Deally_Cropt\wp-includes\rest-api\class-wp-rest-server.php(1194): WP_REST_Widget_Types_Controller->render(Object(WP_REST_Request))
#14 C:\xampp\htdocs\Deally_Cropt\wp-includes\rest-api\class-wp-rest-server.php(1041): WP_REST_Server->respond_to_request(Object(WP_REST_Request), '/wp/v2/widget-t...', Array, NULL)
#15 C:\xampp\htdocs\Deally_Cropt\wp-includes\rest-api\class-wp-rest-server.php(431): WP_REST_Server->dispatch(Object(WP_REST_Request))
#16 C:\xampp\htdocs\Deally_Cropt\wp-includes\rest-api.php(418): WP_REST_Server->serve_request('/wp/v2/widget-t...')
#17 C:\xampp\htdocs\Deally_Cropt\wp-includes\class-wp-hook.php(310): rest_api_loaded(Object(WP))
#18 C:\xampp\htdocs\Deally_Cropt\wp-includes\class-wp-hook.php(334): WP_Hook->apply_filters(NULL, Array)
#19 C:\xampp\htdocs\Deally_Cropt\wp-includes\plugin.php(565): WP_Hook->do_action(Array)
#20 C:\xampp\htdocs\Deally_Cropt\wp-includes\class-wp.php(398): do_action_ref_array('parse_request', Array)
#21 C:\xampp\htdocs\Deally_Cropt\wp-includes\class-wp.php(779): WP->parse_request('')
#22 C:\xampp\htdocs\Deally_Cropt\wp-includes\functions.php(1335): WP->main('')
#23 C:\xampp\htdocs\Deally_Cropt\wp-blog-header.php(16): wp()
#24 C:\xampp\htdocs\Deally_Cropt\index.php(17): require('C:\\xampp\\htdocs...')
#25 {main}
  thrown in C:\xampp\htdocs\Deally_Cropt\wp-content\plugins\th-all-in-one-woo-cart\inc\taiowc-markup.php on line 44

2023-11-03T06:22:03+00:00 CRITICAL Uncaught Error: Call to a member function is_empty() on null in C:\xampp\htdocs\Deally_Cropt\wp-content\plugins\th-all-in-one-woo-cart\inc\taiowc-markup.php:44
Stack trace:
#0 C:\xampp\htdocs\Deally_Cropt\wp-content\plugins\th-all-in-one-woo-cart\inc\taiowc-cart.php(19): Taiowc_Markup->taiowc_cart_show()
#1 C:\xampp\htdocs\Deally_Cropt\wp-content\plugins\th-all-in-one-woo-cart\inc\taiowc.php(215): include('C:\\xampp\\htdocs...')
#2 C:\xampp\htdocs\Deally_Cropt\wp-content\plugins\th-all-in-one-woo-cart\inc\taiowc.php(203): Taiowc->getCart(Array)
#3 C:\xampp\htdocs\Deally_Cropt\wp-includes\shortcodes.php(433): Taiowc->addBody(Array, '', 'taiowc')
#4 [internal function]: do_shortcode_tag(Array)
#5 C:\xampp\htdocs\Deally_Cropt\wp-includes\shortcodes.php(273): preg_replace_callback('/\\[(\\[?)(taiowc...', 'do_shortcode_ta...', '[taiowc layout=...')
#6 C:\xampp\htdocs\Deally_Cropt\wp-content\plugins\th-all-in-one-woo-cart\inc\taiowc.php(254): do_shortcode('[taiowc layout=...')
#7 C:\xampp\htdocs\Deally_Cropt\wp-includes\class-wp-hook.php(310): Taiowc->addcartBody('')
#8 C:\xampp\htdocs\Deally_Cropt\wp-includes\class-wp-hook.php(334): WP_Hook->apply_filters(NULL, Array)
#9 C:\xampp\htdocs\Deally_Cropt\wp-includes\plugin.php(517): WP_Hook->do_action(Array)
#10 C:\xampp\htdocs\Deally_Cropt\wp-includes\general-template.php(3069): do_action('wp_footer')
#11 C:\xampp\htdocs\Deally_Cropt\wp-includes\rest-api\endpoints\class-wp-rest-widget-types-controller.php(654): wp_footer()
#12 C:\xampp\htdocs\Deally_Cropt\wp-includes\rest-api\endpoints\class-wp-rest-widget-types-controller.php(602): WP_REST_Widget_Types_Controller->render_legacy_widget_preview_iframe('text', Array)
#13 C:\xampp\htdocs\Deally_Cropt\wp-includes\rest-api\class-wp-rest-server.php(1194): WP_REST_Widget_Types_Controller->render(Object(WP_REST_Request))
#14 C:\xampp\htdocs\Deally_Cropt\wp-includes\rest-api\class-wp-rest-server.php(1041): WP_REST_Server->respond_to_request(Object(WP_REST_Request), '/wp/v2/widget-t...', Array, NULL)
#15 C:\xampp\htdocs\Deally_Cropt\wp-includes\rest-api\class-wp-rest-server.php(431): WP_REST_Server->dispatch(Object(WP_REST_Request))
#16 C:\xampp\htdocs\Deally_Cropt\wp-includes\rest-api.php(418): WP_REST_Server->serve_request('/wp/v2/widget-t...')
#17 C:\xampp\htdocs\Deally_Cropt\wp-includes\class-wp-hook.php(310): rest_api_loaded(Object(WP))
#18 C:\xampp\htdocs\Deally_Cropt\wp-includes\class-wp-hook.php(334): WP_Hook->apply_filters(NULL, Array)
#19 C:\xampp\htdocs\Deally_Cropt\wp-includes\plugin.php(565): WP_Hook->do_action(Array)
#20 C:\xampp\htdocs\Deally_Cropt\wp-includes\class-wp.php(398): do_action_ref_array('parse_request', Array)
#21 C:\xampp\htdocs\Deally_Cropt\wp-includes\class-wp.php(779): WP->parse_request('')
#22 C:\xampp\htdocs\Deally_Cropt\wp-includes\functions.php(1335): WP->main('')
#23 C:\xampp\htdocs\Deally_Cropt\wp-blog-header.php(16): wp()
#24 C:\xampp\htdocs\Deally_Cropt\index.php(17): require('C:\\xampp\\htdocs...')
#25 {main}
  thrown in C:\xampp\htdocs\Deally_Cropt\wp-content\plugins\th-all-in-one-woo-cart\inc\taiowc-markup.php on line 44

2023-11-03T06:22:07+00:00 CRITICAL Uncaught Error: Call to a member function is_empty() on null in C:\xampp\htdocs\Deally_Cropt\wp-content\plugins\th-all-in-one-woo-cart\inc\taiowc-markup.php:44
Stack trace:
#0 C:\xampp\htdocs\Deally_Cropt\wp-content\plugins\th-all-in-one-woo-cart\inc\taiowc-cart.php(19): Taiowc_Markup->taiowc_cart_show()
#1 C:\xampp\htdocs\Deally_Cropt\wp-content\plugins\th-all-in-one-woo-cart\inc\taiowc.php(215): include('C:\\xampp\\htdocs...')
#2 C:\xampp\htdocs\Deally_Cropt\wp-content\plugins\th-all-in-one-woo-cart\inc\taiowc.php(203): Taiowc->getCart(Array)
#3 C:\xampp\htdocs\Deally_Cropt\wp-includes\shortcodes.php(433): Taiowc->addBody(Array, '', 'taiowc')
#4 [internal function]: do_shortcode_tag(Array)
#5 C:\xampp\htdocs\Deally_Cropt\wp-includes\shortcodes.php(273): preg_replace_callback('/\\[(\\[?)(taiowc...', 'do_shortcode_ta...', '[taiowc layout=...')
#6 C:\xampp\htdocs\Deally_Cropt\wp-content\plugins\th-all-in-one-woo-cart\inc\taiowc.php(254): do_shortcode('[taiowc layout=...')
#7 C:\xampp\htdocs\Deally_Cropt\wp-includes\class-wp-hook.php(310): Taiowc->addcartBody('')
#8 C:\xampp\htdocs\Deally_Cropt\wp-includes\class-wp-hook.php(334): WP_Hook->apply_filters(NULL, Array)
#9 C:\xampp\htdocs\Deally_Cropt\wp-includes\plugin.php(517): WP_Hook->do_action(Array)
#10 C:\xampp\htdocs\Deally_Cropt\wp-includes\general-template.php(3069): do_action('wp_footer')
#11 C:\xampp\htdocs\Deally_Cropt\wp-includes\rest-api\endpoints\class-wp-rest-widget-types-controller.php(654): wp_footer()
#12 C:\xampp\htdocs\Deally_Cropt\wp-includes\rest-api\endpoints\class-wp-rest-widget-types-controller.php(602): WP_REST_Widget_Types_Controller->render_legacy_widget_preview_iframe('text', Array)
#13 C:\xampp\htdocs\Deally_Cropt\wp-includes\rest-api\class-wp-rest-server.php(1194): WP_REST_Widget_Types_Controller->render(Object(WP_REST_Request))
#14 C:\xampp\htdocs\Deally_Cropt\wp-includes\rest-api\class-wp-rest-server.php(1041): WP_REST_Server->respond_to_request(Object(WP_REST_Request), '/wp/v2/widget-t...', Array, NULL)
#15 C:\xampp\htdocs\Deally_Cropt\wp-includes\rest-api\class-wp-rest-server.php(431): WP_REST_Server->dispatch(Object(WP_REST_Request))
#16 C:\xampp\htdocs\Deally_Cropt\wp-includes\rest-api.php(418): WP_REST_Server->serve_request('/wp/v2/widget-t...')
#17 C:\xampp\htdocs\Deally_Cropt\wp-includes\class-wp-hook.php(310): rest_api_loaded(Object(WP))
#18 C:\xampp\htdocs\Deally_Cropt\wp-includes\class-wp-hook.php(334): WP_Hook->apply_filters(NULL, Array)
#19 C:\xampp\htdocs\Deally_Cropt\wp-includes\plugin.php(565): WP_Hook->do_action(Array)
#20 C:\xampp\htdocs\Deally_Cropt\wp-includes\class-wp.php(398): do_action_ref_array('parse_request', Array)
#21 C:\xampp\htdocs\Deally_Cropt\wp-includes\class-wp.php(779): WP->parse_request('')
#22 C:\xampp\htdocs\Deally_Cropt\wp-includes\functions.php(1335): WP->main('')
#23 C:\xampp\htdocs\Deally_Cropt\wp-blog-header.php(16): wp()
#24 C:\xampp\htdocs\Deally_Cropt\index.php(17): require('C:\\xampp\\htdocs...')
#25 {main}
  thrown in C:\xampp\htdocs\Deally_Cropt\wp-content\plugins\th-all-in-one-woo-cart\inc\taiowc-markup.php on line 44

2023-11-03T06:22:20+00:00 CRITICAL Uncaught Error: Call to a member function is_empty() on null in C:\xampp\htdocs\Deally_Cropt\wp-content\plugins\th-all-in-one-woo-cart\inc\taiowc-markup.php:44
Stack trace:
#0 C:\xampp\htdocs\Deally_Cropt\wp-content\plugins\th-all-in-one-woo-cart\inc\taiowc-cart.php(19): Taiowc_Markup->taiowc_cart_show()
#1 C:\xampp\htdocs\Deally_Cropt\wp-content\plugins\th-all-in-one-woo-cart\inc\taiowc.php(215): include('C:\\xampp\\htdocs...')
#2 C:\xampp\htdocs\Deally_Cropt\wp-content\plugins\th-all-in-one-woo-cart\inc\taiowc.php(203): Taiowc->getCart(Array)
#3 C:\xampp\htdocs\Deally_Cropt\wp-includes\shortcodes.php(433): Taiowc->addBody(Array, '', 'taiowc')
#4 [internal function]: do_shortcode_tag(Array)
#5 C:\xampp\htdocs\Deally_Cropt\wp-includes\shortcodes.php(273): preg_replace_callback('/\\[(\\[?)(taiowc...', 'do_shortcode_ta...', '[taiowc layout=...')
#6 C:\xampp\htdocs\Deally_Cropt\wp-content\plugins\th-all-in-one-woo-cart\inc\taiowc.php(254): do_shortcode('[taiowc layout=...')
#7 C:\xampp\htdocs\Deally_Cropt\wp-includes\class-wp-hook.php(310): Taiowc->addcartBody('')
#8 C:\xampp\htdocs\Deally_Cropt\wp-includes\class-wp-hook.php(334): WP_Hook->apply_filters(NULL, Array)
#9 C:\xampp\htdocs\Deally_Cropt\wp-includes\plugin.php(517): WP_Hook->do_action(Array)
#10 C:\xampp\htdocs\Deally_Cropt\wp-includes\general-template.php(3069): do_action('wp_footer')
#11 C:\xampp\htdocs\Deally_Cropt\wp-includes\rest-api\endpoints\class-wp-rest-widget-types-controller.php(654): wp_footer()
#12 C:\xampp\htdocs\Deally_Cropt\wp-includes\rest-api\endpoints\class-wp-rest-widget-types-controller.php(602): WP_REST_Widget_Types_Controller->render_legacy_widget_preview_iframe('text', Array)
#13 C:\xampp\htdocs\Deally_Cropt\wp-includes\rest-api\class-wp-rest-server.php(1194): WP_REST_Widget_Types_Controller->render(Object(WP_REST_Request))
#14 C:\xampp\htdocs\Deally_Cropt\wp-includes\rest-api\class-wp-rest-server.php(1041): WP_REST_Server->respond_to_request(Object(WP_REST_Request), '/wp/v2/widget-t...', Array, NULL)
#15 C:\xampp\htdocs\Deally_Cropt\wp-includes\rest-api\class-wp-rest-server.php(431): WP_REST_Server->dispatch(Object(WP_REST_Request))
#16 C:\xampp\htdocs\Deally_Cropt\wp-includes\rest-api.php(418): WP_REST_Server->serve_request('/wp/v2/widget-t...')
#17 C:\xampp\htdocs\Deally_Cropt\wp-includes\class-wp-hook.php(310): rest_api_loaded(Object(WP))
#18 C:\xampp\htdocs\Deally_Cropt\wp-includes\class-wp-hook.php(334): WP_Hook->apply_filters(NULL, Array)
#19 C:\xampp\htdocs\Deally_Cropt\wp-includes\plugin.php(565): WP_Hook->do_action(Array)
#20 C:\xampp\htdocs\Deally_Cropt\wp-includes\class-wp.php(398): do_action_ref_array('parse_request', Array)
#21 C:\xampp\htdocs\Deally_Cropt\wp-includes\class-wp.php(779): WP->parse_request('')
#22 C:\xampp\htdocs\Deally_Cropt\wp-includes\functions.php(1335): WP->main('')
#23 C:\xampp\htdocs\Deally_Cropt\wp-blog-header.php(16): wp()
#24 C:\xampp\htdocs\Deally_Cropt\index.php(17): require('C:\\xampp\\htdocs...')
#25 {main}
  thrown in C:\xampp\htdocs\Deally_Cropt\wp-content\plugins\th-all-in-one-woo-cart\inc\taiowc-markup.php on line 44

2023-11-03T06:35:18+00:00 CRITICAL Uncaught Error: Call to a member function is_empty() on null in C:\xampp\htdocs\Deally_Cropt\wp-content\plugins\th-all-in-one-woo-cart\inc\taiowc-markup.php:44
Stack trace:
#0 C:\xampp\htdocs\Deally_Cropt\wp-content\plugins\th-all-in-one-woo-cart\inc\taiowc-cart.php(19): Taiowc_Markup->taiowc_cart_show()
#1 C:\xampp\htdocs\Deally_Cropt\wp-content\plugins\th-all-in-one-woo-cart\inc\taiowc.php(215): include('C:\\xampp\\htdocs...')
#2 C:\xampp\htdocs\Deally_Cropt\wp-content\plugins\th-all-in-one-woo-cart\inc\taiowc.php(203): Taiowc->getCart(Array)
#3 C:\xampp\htdocs\Deally_Cropt\wp-includes\shortcodes.php(433): Taiowc->addBody(Array, '', 'taiowc')
#4 [internal function]: do_shortcode_tag(Array)
#5 C:\xampp\htdocs\Deally_Cropt\wp-includes\shortcodes.php(273): preg_replace_callback('/\\[(\\[?)(taiowc...', 'do_shortcode_ta...', '[taiowc layout=...')
#6 C:\xampp\htdocs\Deally_Cropt\wp-content\plugins\th-all-in-one-woo-cart\inc\taiowc.php(254): do_shortcode('[taiowc layout=...')
#7 C:\xampp\htdocs\Deally_Cropt\wp-includes\class-wp-hook.php(310): Taiowc->addcartBody('')
#8 C:\xampp\htdocs\Deally_Cropt\wp-includes\class-wp-hook.php(334): WP_Hook->apply_filters(NULL, Array)
#9 C:\xampp\htdocs\Deally_Cropt\wp-includes\plugin.php(517): WP_Hook->do_action(Array)
#10 C:\xampp\htdocs\Deally_Cropt\wp-includes\general-template.php(3069): do_action('wp_footer')
#11 C:\xampp\htdocs\Deally_Cropt\wp-includes\rest-api\endpoints\class-wp-rest-widget-types-controller.php(654): wp_footer()
#12 C:\xampp\htdocs\Deally_Cropt\wp-includes\rest-api\endpoints\class-wp-rest-widget-types-controller.php(602): WP_REST_Widget_Types_Controller->render_legacy_widget_preview_iframe('text', Array)
#13 C:\xampp\htdocs\Deally_Cropt\wp-includes\rest-api\class-wp-rest-server.php(1194): WP_REST_Widget_Types_Controller->render(Object(WP_REST_Request))
#14 C:\xampp\htdocs\Deally_Cropt\wp-includes\rest-api\class-wp-rest-server.php(1041): WP_REST_Server->respond_to_request(Object(WP_REST_Request), '/wp/v2/widget-t...', Array, NULL)
#15 C:\xampp\htdocs\Deally_Cropt\wp-includes\rest-api\class-wp-rest-server.php(431): WP_REST_Server->dispatch(Object(WP_REST_Request))
#16 C:\xampp\htdocs\Deally_Cropt\wp-includes\rest-api.php(418): WP_REST_Server->serve_request('/wp/v2/widget-t...')
#17 C:\xampp\htdocs\Deally_Cropt\wp-includes\class-wp-hook.php(310): rest_api_loaded(Object(WP))
#18 C:\xampp\htdocs\Deally_Cropt\wp-includes\class-wp-hook.php(334): WP_Hook->apply_filters(NULL, Array)
#19 C:\xampp\htdocs\Deally_Cropt\wp-includes\plugin.php(565): WP_Hook->do_action(Array)
#20 C:\xampp\htdocs\Deally_Cropt\wp-includes\class-wp.php(398): do_action_ref_array('parse_request', Array)
#21 C:\xampp\htdocs\Deally_Cropt\wp-includes\class-wp.php(779): WP->parse_request('')
#22 C:\xampp\htdocs\Deally_Cropt\wp-includes\functions.php(1335): WP->main('')
#23 C:\xampp\htdocs\Deally_Cropt\wp-blog-header.php(16): wp()
#24 C:\xampp\htdocs\Deally_Cropt\index.php(17): require('C:\\xampp\\htdocs...')
#25 {main}
  thrown in C:\xampp\htdocs\Deally_Cropt\wp-content\plugins\th-all-in-one-woo-cart\inc\taiowc-markup.php on line 44

